Copyright 1986-2019 Xilinx, Inc. All Rights Reserved.
-----------------------------------------------------------------------------------------------------------------------------------------------------------------------------------------
| Tool Version : Vivado v.2019.1 (win64) Build 2552052 Fri May 24 14:49:42 MDT 2019
| Date         : Wed Dec  7 14:48:01 2022
| Host         : vt-06-434008293 running 64-bit major release  (build 9200)
| Command      : report_timing_summary -max_paths 10 -file DEVICE_timing_summary_routed.rpt -pb DEVICE_timing_summary_routed.pb -rpx DEVICE_timing_summary_routed.rpx -warn_on_violation
| Design       : DEVICE
| Device       : 7a100t-csg324
| Speed File   : -1  PRODUCTION 1.23 2018-06-13
-----------------------------------------------------------------------------------------------------------------------------------------------------------------------------------------

Timing Summary Report

------------------------------------------------------------------------------------------------
| Timer Settings
| --------------
------------------------------------------------------------------------------------------------

  Enable Multi Corner Analysis               :  Yes
  Enable Pessimism Removal                   :  Yes
  Pessimism Removal Resolution               :  Nearest Common Node
  Enable Input Delay Default Clock           :  No
  Enable Preset / Clear Arcs                 :  No
  Disable Flight Delays                      :  No
  Ignore I/O Paths                           :  No
  Timing Early Launch at Borrowing Latches   :  No
  Borrow Time for Max Delay Exceptions       :  Yes

  Corner  Analyze    Analyze    
  Name    Max Paths  Min Paths  
  ------  ---------  ---------  
  Slow    Yes        Yes        
  Fast    Yes        Yes        



check_timing report

Table of Contents
-----------------
1. checking no_clock
2. checking constant_clock
3. checking pulse_width_clock
4. checking unconstrained_internal_endpoints
5. checking no_input_delay
6. checking no_output_delay
7. checking multiple_clock
8. checking generated_clocks
9. checking loops
10. checking partial_input_delay
11. checking partial_output_delay
12. checking latch_loops

1. checking no_clock
--------------------
 There are 321 register/latch pins with no clock driven by root clock pin: div26/cnt_reg[10]/Q (HIGH)


2. checking constant_clock
--------------------------
 There are 0 register/latch pins with constant_clock.


3. checking pulse_width_clock
-----------------------------
 There are 0 register/latch pins which need pulse_width check


4. checking unconstrained_internal_endpoints
--------------------------------------------
 There are 675 pins that are not constrained for maximum delay. (HIGH)

 There are 0 pins that are not constrained for maximum delay due to constant clock.


5. checking no_input_delay
--------------------------
 There is 1 input port with no input delay specified. (HIGH)

 There are 0 input ports with no input delay but user has a false path constraint.


6. checking no_output_delay
---------------------------
 There are 15 ports with no output delay specified. (HIGH)

 There are 0 ports with no output delay but user has a false path constraint

 There are 0 ports with no output delay but with a timing clock defined on it or propagating through it


7. checking multiple_clock
--------------------------
 There are 0 register/latch pins with multiple clocks.


8. checking generated_clocks
----------------------------
 There are 0 generated clocks that are not connected to a clock source.


9. checking loops
-----------------
 There are 0 combinational loops in the design.


10. checking partial_input_delay
--------------------------------
 There are 0 input ports with partial input delay specified.


11. checking partial_output_delay
---------------------------------
 There are 0 ports with partial output delay specified.


12. checking latch_loops
------------------------
 There are 0 combinational latch loops in the design through latch input



------------------------------------------------------------------------------------------------
| Design Timing Summary
| ---------------------
------------------------------------------------------------------------------------------------

    WNS(ns)      TNS(ns)  TNS Failing Endpoints  TNS Total Endpoints      WHS(ns)      THS(ns)  THS Failing Endpoints  THS Total Endpoints     WPWS(ns)     TPWS(ns)  TPWS Failing Endpoints  TPWS Total Endpoints  
    -------      -------  ---------------------  -------------------      -------      -------  ---------------------  -------------------     --------     --------  ----------------------  --------------------  
      6.739        0.000                      0                   11        0.324        0.000                      0                   11        4.500        0.000                       0                    12  


All user specified timing constraints are met.


------------------------------------------------------------------------------------------------
| Clock Summary
| -------------
------------------------------------------------------------------------------------------------

Clock        Waveform(ns)       Period(ns)      Frequency(MHz)
-----        ------------       ----------      --------------
sys_clk_pin  {0.000 5.000}      10.000          100.000         


------------------------------------------------------------------------------------------------
| Intra Clock Table
| -----------------
------------------------------------------------------------------------------------------------

Clock             WNS(ns)      TNS(ns)  TNS Failing Endpoints  TNS Total Endpoints      WHS(ns)      THS(ns)  THS Failing Endpoints  THS Total Endpoints     WPWS(ns)     TPWS(ns)  TPWS Failing Endpoints  TPWS Total Endpoints  
-----             -------      -------  ---------------------  -------------------      -------      -------  ---------------------  -------------------     --------     --------  ----------------------  --------------------  
sys_clk_pin         6.739        0.000                      0                   11        0.324        0.000                      0                   11        4.500        0.000                       0                    12  


------------------------------------------------------------------------------------------------
| Inter Clock Table
| -----------------
------------------------------------------------------------------------------------------------

From Clock    To Clock          WNS(ns)      TNS(ns)  TNS Failing Endpoints  TNS Total Endpoints      WHS(ns)      THS(ns)  THS Failing Endpoints  THS Total Endpoints  
----------    --------          -------      -------  ---------------------  -------------------      -------      -------  ---------------------  -------------------  


------------------------------------------------------------------------------------------------
| Other Path Groups Table
| -----------------------
------------------------------------------------------------------------------------------------

Path Group    From Clock    To Clock          WNS(ns)      TNS(ns)  TNS Failing Endpoints  TNS Total Endpoints      WHS(ns)      THS(ns)  THS Failing Endpoints  THS Total Endpoints  
----------    ----------    --------          -------      -------  ---------------------  -------------------      -------      -------  ---------------------  -------------------  


------------------------------------------------------------------------------------------------
| Timing Details
| --------------
------------------------------------------------------------------------------------------------


---------------------------------------------------------------------------------------------------
From Clock:  sys_clk_pin
  To Clock:  sys_clk_pin

Setup :            0  Failing Endpoints,  Worst Slack        6.739ns,  Total Violation        0.000ns
Hold  :            0  Failing Endpoints,  Worst Slack        0.324ns,  Total Violation        0.000ns
PW    :            0  Failing Endpoints,  Worst Slack        4.500ns,  Total Violation        0.000ns
---------------------------------------------------------------------------------------------------


Max Delay Paths
--------------------------------------------------------------------------------------
Slack (MET) :             6.739ns  (required time - arrival time)
  Source:                 div26/cnt_reg[10]/C
                            (rising edge-triggered cell FDRE clocked by sys_clk_pin  {rise@0.000ns fall@5.000ns period=10.000ns})
  Destination:            div26/cnt_reg[10]/D
                            (rising edge-triggered cell FDRE clocked by sys_clk_pin  {rise@0.000ns fall@5.000ns period=10.000ns})
  Path Group:             sys_clk_pin
  Path Type:              Setup (Max at Slow Process Corner)
  Requirement:            10.000ns  (sys_clk_pin rise@10.000ns - sys_clk_pin rise@0.000ns)
  Data Path Delay:        3.287ns  (logic 0.924ns (28.109%)  route 2.363ns (71.891%))
  Logic Levels:           2  (BUFG=1 CARRY4=1)
  Clock Path Skew:        0.000ns (DCD - SCD + CPR)
    Destination Clock Delay (DCD):    4.928ns = ( 14.928 - 10.000 ) 
    Source Clock Delay      (SCD):    5.229ns
    Clock Pessimism Removal (CPR):    0.301ns
  Clock Uncertainty:      0.035ns  ((TSJ^2 + TIJ^2)^1/2 + DJ) / 2 + PE
    Total System Jitter     (TSJ):    0.071ns
    Total Input Jitter      (TIJ):    0.000ns
    Discrete Jitter          (DJ):    0.000ns
    Phase Error              (PE):    0.000ns

    Location             Delay type                Incr(ns)  Path(ns)    Netlist Resource(s)
  -------------------------------------------------------------------    -------------------
                         (clock sys_clk_pin rise edge)
                                                      0.000     0.000 r  
    E3                                                0.000     0.000 r  clk_old (IN)
                         net (fo=0)                   0.000     0.000    clk_old
    E3                   IBUF (Prop_ibuf_I_O)         1.482     1.482 r  clk_old_IBUF_inst/O
                         net (fo=1, routed)           2.025     3.506    clk_old_IBUF
    BUFGCTRL_X0Y16       BUFG (Prop_bufg_I_O)         0.096     3.602 r  clk_old_IBUF_BUFG_inst/O
                         net (fo=11, routed)          1.626     5.229    div26/clk
    SLICE_X52Y97         FDRE                                         r  div26/cnt_reg[10]/C
  -------------------------------------------------------------------    -------------------
    SLICE_X52Y97         FDRE (Prop_fdre_C_Q)         0.456     5.685 r  div26/cnt_reg[10]/Q
                         net (fo=1, routed)           0.584     6.269    clk
    BUFGCTRL_X0Y0        BUFG (Prop_bufg_I_O)         0.096     6.365 r  clk_BUFG_inst/O
                         net (fo=322, routed)         1.779     8.144    div26/clk_BUFG
    SLICE_X52Y97         CARRY4 (Prop_carry4_S[2]_O[2])
                                                      0.372     8.516 r  div26/cnt_reg[8]_i_1/O[2]
                         net (fo=1, routed)           0.000     8.516    div26/cnt_reg[8]_i_1_n_5
    SLICE_X52Y97         FDRE                                         r  div26/cnt_reg[10]/D
  -------------------------------------------------------------------    -------------------

                         (clock sys_clk_pin rise edge)
                                                     10.000    10.000 r  
    E3                                                0.000    10.000 r  clk_old (IN)
                         net (fo=0)                   0.000    10.000    clk_old
    E3                   IBUF (Prop_ibuf_I_O)         1.411    11.411 r  clk_old_IBUF_inst/O
                         net (fo=1, routed)           1.920    13.331    clk_old_IBUF
    BUFGCTRL_X0Y16       BUFG (Prop_bufg_I_O)         0.091    13.422 r  clk_old_IBUF_BUFG_inst/O
                         net (fo=11, routed)          1.505    14.928    div26/clk
    SLICE_X52Y97         FDRE                                         r  div26/cnt_reg[10]/C
                         clock pessimism              0.301    15.229    
                         clock uncertainty           -0.035    15.193    
    SLICE_X52Y97         FDRE (Setup_fdre_C_D)        0.062    15.255    div26/cnt_reg[10]
  -------------------------------------------------------------------
                         required time                         15.255    
                         arrival time                          -8.516    
  -------------------------------------------------------------------
                         slack                                  6.739    

Slack (MET) :             7.651ns  (required time - arrival time)
  Source:                 div26/cnt_reg[1]/C
                            (rising edge-triggered cell FDRE clocked by sys_clk_pin  {rise@0.000ns fall@5.000ns period=10.000ns})
  Destination:            div26/cnt_reg[9]/D
                            (rising edge-triggered cell FDRE clocked by sys_clk_pin  {rise@0.000ns fall@5.000ns period=10.000ns})
  Path Group:             sys_clk_pin
  Path Type:              Setup (Max at Slow Process Corner)
  Requirement:            10.000ns  (sys_clk_pin rise@10.000ns - sys_clk_pin rise@0.000ns)
  Data Path Delay:        2.351ns  (logic 1.578ns (67.107%)  route 0.773ns (32.893%))
  Logic Levels:           3  (CARRY4=3)
  Clock Path Skew:        -0.024ns (DCD - SCD + CPR)
    Destination Clock Delay (DCD):    4.928ns = ( 14.928 - 10.000 ) 
    Source Clock Delay      (SCD):    5.228ns
    Clock Pessimism Removal (CPR):    0.276ns
  Clock Uncertainty:      0.035ns  ((TSJ^2 + TIJ^2)^1/2 + DJ) / 2 + PE
    Total System Jitter     (TSJ):    0.071ns
    Total Input Jitter      (TIJ):    0.000ns
    Discrete Jitter          (DJ):    0.000ns
    Phase Error              (PE):    0.000ns

    Location             Delay type                Incr(ns)  Path(ns)    Netlist Resource(s)
  -------------------------------------------------------------------    -------------------
                         (clock sys_clk_pin rise edge)
                                                      0.000     0.000 r  
    E3                                                0.000     0.000 r  clk_old (IN)
                         net (fo=0)                   0.000     0.000    clk_old
    E3                   IBUF (Prop_ibuf_I_O)         1.482     1.482 r  clk_old_IBUF_inst/O
                         net (fo=1, routed)           2.025     3.506    clk_old_IBUF
    BUFGCTRL_X0Y16       BUFG (Prop_bufg_I_O)         0.096     3.602 r  clk_old_IBUF_BUFG_inst/O
                         net (fo=11, routed)          1.625     5.228    div26/clk
    SLICE_X52Y95         FDRE                                         r  div26/cnt_reg[1]/C
  -------------------------------------------------------------------    -------------------
    SLICE_X52Y95         FDRE (Prop_fdre_C_Q)         0.456     5.684 r  div26/cnt_reg[1]/Q
                         net (fo=1, routed)           0.773     6.457    div26/cnt_reg_n_0_[1]
    SLICE_X52Y95         CARRY4 (Prop_carry4_S[1]_CO[3])
                                                      0.674     7.131 r  div26/cnt_reg[0]_i_1/CO[3]
                         net (fo=1, routed)           0.000     7.131    div26/cnt_reg[0]_i_1_n_0
    SLICE_X52Y96         CARRY4 (Prop_carry4_CI_CO[3])
                                                      0.114     7.245 r  div26/cnt_reg[4]_i_1/CO[3]
                         net (fo=1, routed)           0.000     7.245    div26/cnt_reg[4]_i_1_n_0
    SLICE_X52Y97         CARRY4 (Prop_carry4_CI_O[1])
                                                      0.334     7.579 r  div26/cnt_reg[8]_i_1/O[1]
                         net (fo=1, routed)           0.000     7.579    div26/cnt_reg[8]_i_1_n_6
    SLICE_X52Y97         FDRE                                         r  div26/cnt_reg[9]/D
  -------------------------------------------------------------------    -------------------

                         (clock sys_clk_pin rise edge)
                                                     10.000    10.000 r  
    E3                                                0.000    10.000 r  clk_old (IN)
                         net (fo=0)                   0.000    10.000    clk_old
    E3                   IBUF (Prop_ibuf_I_O)         1.411    11.411 r  clk_old_IBUF_inst/O
                         net (fo=1, routed)           1.920    13.331    clk_old_IBUF
    BUFGCTRL_X0Y16       BUFG (Prop_bufg_I_O)         0.091    13.422 r  clk_old_IBUF_BUFG_inst/O
                         net (fo=11, routed)          1.505    14.928    div26/clk
    SLICE_X52Y97         FDRE                                         r  div26/cnt_reg[9]/C
                         clock pessimism              0.276    15.204    
                         clock uncertainty           -0.035    15.168    
    SLICE_X52Y97         FDRE (Setup_fdre_C_D)        0.062    15.230    div26/cnt_reg[9]
  -------------------------------------------------------------------
                         required time                         15.230    
                         arrival time                          -7.579    
  -------------------------------------------------------------------
                         slack                                  7.651    

Slack (MET) :             7.762ns  (required time - arrival time)
  Source:                 div26/cnt_reg[1]/C
                            (rising edge-triggered cell FDRE clocked by sys_clk_pin  {rise@0.000ns fall@5.000ns period=10.000ns})
  Destination:            div26/cnt_reg[8]/D
                            (rising edge-triggered cell FDRE clocked by sys_clk_pin  {rise@0.000ns fall@5.000ns period=10.000ns})
  Path Group:             sys_clk_pin
  Path Type:              Setup (Max at Slow Process Corner)
  Requirement:            10.000ns  (sys_clk_pin rise@10.000ns - sys_clk_pin rise@0.000ns)
  Data Path Delay:        2.240ns  (logic 1.467ns (65.478%)  route 0.773ns (34.522%))
  Logic Levels:           3  (CARRY4=3)
  Clock Path Skew:        -0.024ns (DCD - SCD + CPR)
    Destination Clock Delay (DCD):    4.928ns = ( 14.928 - 10.000 ) 
    Source Clock Delay      (SCD):    5.228ns
    Clock Pessimism Removal (CPR):    0.276ns
  Clock Uncertainty:      0.035ns  ((TSJ^2 + TIJ^2)^1/2 + DJ) / 2 + PE
    Total System Jitter     (TSJ):    0.071ns
    Total Input Jitter      (TIJ):    0.000ns
    Discrete Jitter          (DJ):    0.000ns
    Phase Error              (PE):    0.000ns

    Location             Delay type                Incr(ns)  Path(ns)    Netlist Resource(s)
  -------------------------------------------------------------------    -------------------
                         (clock sys_clk_pin rise edge)
                                                      0.000     0.000 r  
    E3                                                0.000     0.000 r  clk_old (IN)
                         net (fo=0)                   0.000     0.000    clk_old
    E3                   IBUF (Prop_ibuf_I_O)         1.482     1.482 r  clk_old_IBUF_inst/O
                         net (fo=1, routed)           2.025     3.506    clk_old_IBUF
    BUFGCTRL_X0Y16       BUFG (Prop_bufg_I_O)         0.096     3.602 r  clk_old_IBUF_BUFG_inst/O
                         net (fo=11, routed)          1.625     5.228    div26/clk
    SLICE_X52Y95         FDRE                                         r  div26/cnt_reg[1]/C
  -------------------------------------------------------------------    -------------------
    SLICE_X52Y95         FDRE (Prop_fdre_C_Q)         0.456     5.684 r  div26/cnt_reg[1]/Q
                         net (fo=1, routed)           0.773     6.457    div26/cnt_reg_n_0_[1]
    SLICE_X52Y95         CARRY4 (Prop_carry4_S[1]_CO[3])
                                                      0.674     7.131 r  div26/cnt_reg[0]_i_1/CO[3]
                         net (fo=1, routed)           0.000     7.131    div26/cnt_reg[0]_i_1_n_0
    SLICE_X52Y96         CARRY4 (Prop_carry4_CI_CO[3])
                                                      0.114     7.245 r  div26/cnt_reg[4]_i_1/CO[3]
                         net (fo=1, routed)           0.000     7.245    div26/cnt_reg[4]_i_1_n_0
    SLICE_X52Y97         CARRY4 (Prop_carry4_CI_O[0])
                                                      0.223     7.468 r  div26/cnt_reg[8]_i_1/O[0]
                         net (fo=1, routed)           0.000     7.468    div26/cnt_reg[8]_i_1_n_7
    SLICE_X52Y97         FDRE                                         r  div26/cnt_reg[8]/D
  -------------------------------------------------------------------    -------------------

                         (clock sys_clk_pin rise edge)
                                                     10.000    10.000 r  
    E3                                                0.000    10.000 r  clk_old (IN)
                         net (fo=0)                   0.000    10.000    clk_old
    E3                   IBUF (Prop_ibuf_I_O)         1.411    11.411 r  clk_old_IBUF_inst/O
                         net (fo=1, routed)           1.920    13.331    clk_old_IBUF
    BUFGCTRL_X0Y16       BUFG (Prop_bufg_I_O)         0.091    13.422 r  clk_old_IBUF_BUFG_inst/O
                         net (fo=11, routed)          1.505    14.928    div26/clk
    SLICE_X52Y97         FDRE                                         r  div26/cnt_reg[8]/C
                         clock pessimism              0.276    15.204    
                         clock uncertainty           -0.035    15.168    
    SLICE_X52Y97         FDRE (Setup_fdre_C_D)        0.062    15.230    div26/cnt_reg[8]
  -------------------------------------------------------------------
                         required time                         15.230    
                         arrival time                          -7.468    
  -------------------------------------------------------------------
                         slack                                  7.762    

Slack (MET) :             7.764ns  (required time - arrival time)
  Source:                 div26/cnt_reg[1]/C
                            (rising edge-triggered cell FDRE clocked by sys_clk_pin  {rise@0.000ns fall@5.000ns period=10.000ns})
  Destination:            div26/cnt_reg[5]/D
                            (rising edge-triggered cell FDRE clocked by sys_clk_pin  {rise@0.000ns fall@5.000ns period=10.000ns})
  Path Group:             sys_clk_pin
  Path Type:              Setup (Max at Slow Process Corner)
  Requirement:            10.000ns  (sys_clk_pin rise@10.000ns - sys_clk_pin rise@0.000ns)
  Data Path Delay:        2.237ns  (logic 1.464ns (65.431%)  route 0.773ns (34.569%))
  Logic Levels:           2  (CARRY4=2)
  Clock Path Skew:        -0.025ns (DCD - SCD + CPR)
    Destination Clock Delay (DCD):    4.927ns = ( 14.927 - 10.000 ) 
    Source Clock Delay      (SCD):    5.228ns
    Clock Pessimism Removal (CPR):    0.276ns
  Clock Uncertainty:      0.035ns  ((TSJ^2 + TIJ^2)^1/2 + DJ) / 2 + PE
    Total System Jitter     (TSJ):    0.071ns
    Total Input Jitter      (TIJ):    0.000ns
    Discrete Jitter          (DJ):    0.000ns
    Phase Error              (PE):    0.000ns

    Location             Delay type                Incr(ns)  Path(ns)    Netlist Resource(s)
  -------------------------------------------------------------------    -------------------
                         (clock sys_clk_pin rise edge)
                                                      0.000     0.000 r  
    E3                                                0.000     0.000 r  clk_old (IN)
                         net (fo=0)                   0.000     0.000    clk_old
    E3                   IBUF (Prop_ibuf_I_O)         1.482     1.482 r  clk_old_IBUF_inst/O
                         net (fo=1, routed)           2.025     3.506    clk_old_IBUF
    BUFGCTRL_X0Y16       BUFG (Prop_bufg_I_O)         0.096     3.602 r  clk_old_IBUF_BUFG_inst/O
                         net (fo=11, routed)          1.625     5.228    div26/clk
    SLICE_X52Y95         FDRE                                         r  div26/cnt_reg[1]/C
  -------------------------------------------------------------------    -------------------
    SLICE_X52Y95         FDRE (Prop_fdre_C_Q)         0.456     5.684 r  div26/cnt_reg[1]/Q
                         net (fo=1, routed)           0.773     6.457    div26/cnt_reg_n_0_[1]
    SLICE_X52Y95         CARRY4 (Prop_carry4_S[1]_CO[3])
                                                      0.674     7.131 r  div26/cnt_reg[0]_i_1/CO[3]
                         net (fo=1, routed)           0.000     7.131    div26/cnt_reg[0]_i_1_n_0
    SLICE_X52Y96         CARRY4 (Prop_carry4_CI_O[1])
                                                      0.334     7.465 r  div26/cnt_reg[4]_i_1/O[1]
                         net (fo=1, routed)           0.000     7.465    div26/cnt_reg[4]_i_1_n_6
    SLICE_X52Y96         FDRE                                         r  div26/cnt_reg[5]/D
  -------------------------------------------------------------------    -------------------

                         (clock sys_clk_pin rise edge)
                                                     10.000    10.000 r  
    E3                                                0.000    10.000 r  clk_old (IN)
                         net (fo=0)                   0.000    10.000    clk_old
    E3                   IBUF (Prop_ibuf_I_O)         1.411    11.411 r  clk_old_IBUF_inst/O
                         net (fo=1, routed)           1.920    13.331    clk_old_IBUF
    BUFGCTRL_X0Y16       BUFG (Prop_bufg_I_O)         0.091    13.422 r  clk_old_IBUF_BUFG_inst/O
                         net (fo=11, routed)          1.504    14.927    div26/clk
    SLICE_X52Y96         FDRE                                         r  div26/cnt_reg[5]/C
                         clock pessimism              0.276    15.203    
                         clock uncertainty           -0.035    15.167    
    SLICE_X52Y96         FDRE (Setup_fdre_C_D)        0.062    15.229    div26/cnt_reg[5]
  -------------------------------------------------------------------
                         required time                         15.229    
                         arrival time                          -7.465    
  -------------------------------------------------------------------
                         slack                                  7.764    

Slack (MET) :             7.785ns  (required time - arrival time)
  Source:                 div26/cnt_reg[1]/C
                            (rising edge-triggered cell FDRE clocked by sys_clk_pin  {rise@0.000ns fall@5.000ns period=10.000ns})
  Destination:            div26/cnt_reg[7]/D
                            (rising edge-triggered cell FDRE clocked by sys_clk_pin  {rise@0.000ns fall@5.000ns period=10.000ns})
  Path Group:             sys_clk_pin
  Path Type:              Setup (Max at Slow Process Corner)
  Requirement:            10.000ns  (sys_clk_pin rise@10.000ns - sys_clk_pin rise@0.000ns)
  Data Path Delay:        2.216ns  (logic 1.443ns (65.104%)  route 0.773ns (34.896%))
  Logic Levels:           2  (CARRY4=2)
  Clock Path Skew:        -0.025ns (DCD - SCD + CPR)
    Destination Clock Delay (DCD):    4.927ns = ( 14.927 - 10.000 ) 
    Source Clock Delay      (SCD):    5.228ns
    Clock Pessimism Removal (CPR):    0.276ns
  Clock Uncertainty:      0.035ns  ((TSJ^2 + TIJ^2)^1/2 + DJ) / 2 + PE
    Total System Jitter     (TSJ):    0.071ns
    Total Input Jitter      (TIJ):    0.000ns
    Discrete Jitter          (DJ):    0.000ns
    Phase Error              (PE):    0.000ns

    Location             Delay type                Incr(ns)  Path(ns)    Netlist Resource(s)
  -------------------------------------------------------------------    -------------------
                         (clock sys_clk_pin rise edge)
                                                      0.000     0.000 r  
    E3                                                0.000     0.000 r  clk_old (IN)
                         net (fo=0)                   0.000     0.000    clk_old
    E3                   IBUF (Prop_ibuf_I_O)         1.482     1.482 r  clk_old_IBUF_inst/O
                         net (fo=1, routed)           2.025     3.506    clk_old_IBUF
    BUFGCTRL_X0Y16       BUFG (Prop_bufg_I_O)         0.096     3.602 r  clk_old_IBUF_BUFG_inst/O
                         net (fo=11, routed)          1.625     5.228    div26/clk
    SLICE_X52Y95         FDRE                                         r  div26/cnt_reg[1]/C
  -------------------------------------------------------------------    -------------------
    SLICE_X52Y95         FDRE (Prop_fdre_C_Q)         0.456     5.684 r  div26/cnt_reg[1]/Q
                         net (fo=1, routed)           0.773     6.457    div26/cnt_reg_n_0_[1]
    SLICE_X52Y95         CARRY4 (Prop_carry4_S[1]_CO[3])
                                                      0.674     7.131 r  div26/cnt_reg[0]_i_1/CO[3]
                         net (fo=1, routed)           0.000     7.131    div26/cnt_reg[0]_i_1_n_0
    SLICE_X52Y96         CARRY4 (Prop_carry4_CI_O[3])
                                                      0.313     7.444 r  div26/cnt_reg[4]_i_1/O[3]
                         net (fo=1, routed)           0.000     7.444    div26/cnt_reg[4]_i_1_n_4
    SLICE_X52Y96         FDRE                                         r  div26/cnt_reg[7]/D
  -------------------------------------------------------------------    -------------------

                         (clock sys_clk_pin rise edge)
                                                     10.000    10.000 r  
    E3                                                0.000    10.000 r  clk_old (IN)
                         net (fo=0)                   0.000    10.000    clk_old
    E3                   IBUF (Prop_ibuf_I_O)         1.411    11.411 r  clk_old_IBUF_inst/O
                         net (fo=1, routed)           1.920    13.331    clk_old_IBUF
    BUFGCTRL_X0Y16       BUFG (Prop_bufg_I_O)         0.091    13.422 r  clk_old_IBUF_BUFG_inst/O
                         net (fo=11, routed)          1.504    14.927    div26/clk
    SLICE_X52Y96         FDRE                                         r  div26/cnt_reg[7]/C
                         clock pessimism              0.276    15.203    
                         clock uncertainty           -0.035    15.167    
    SLICE_X52Y96         FDRE (Setup_fdre_C_D)        0.062    15.229    div26/cnt_reg[7]
  -------------------------------------------------------------------
                         required time                         15.229    
                         arrival time                          -7.444    
  -------------------------------------------------------------------
                         slack                                  7.785    

Slack (MET) :             7.859ns  (required time - arrival time)
  Source:                 div26/cnt_reg[1]/C
                            (rising edge-triggered cell FDRE clocked by sys_clk_pin  {rise@0.000ns fall@5.000ns period=10.000ns})
  Destination:            div26/cnt_reg[6]/D
                            (rising edge-triggered cell FDRE clocked by sys_clk_pin  {rise@0.000ns fall@5.000ns period=10.000ns})
  Path Group:             sys_clk_pin
  Path Type:              Setup (Max at Slow Process Corner)
  Requirement:            10.000ns  (sys_clk_pin rise@10.000ns - sys_clk_pin rise@0.000ns)
  Data Path Delay:        2.142ns  (logic 1.369ns (63.899%)  route 0.773ns (36.101%))
  Logic Levels:           2  (CARRY4=2)
  Clock Path Skew:        -0.025ns (DCD - SCD + CPR)
    Destination Clock Delay (DCD):    4.927ns = ( 14.927 - 10.000 ) 
    Source Clock Delay      (SCD):    5.228ns
    Clock Pessimism Removal (CPR):    0.276ns
  Clock Uncertainty:      0.035ns  ((TSJ^2 + TIJ^2)^1/2 + DJ) / 2 + PE
    Total System Jitter     (TSJ):    0.071ns
    Total Input Jitter      (TIJ):    0.000ns
    Discrete Jitter          (DJ):    0.000ns
    Phase Error              (PE):    0.000ns

    Location             Delay type                Incr(ns)  Path(ns)    Netlist Resource(s)
  -------------------------------------------------------------------    -------------------
                         (clock sys_clk_pin rise edge)
                                                      0.000     0.000 r  
    E3                                                0.000     0.000 r  clk_old (IN)
                         net (fo=0)                   0.000     0.000    clk_old
    E3                   IBUF (Prop_ibuf_I_O)         1.482     1.482 r  clk_old_IBUF_inst/O
                         net (fo=1, routed)           2.025     3.506    clk_old_IBUF
    BUFGCTRL_X0Y16       BUFG (Prop_bufg_I_O)         0.096     3.602 r  clk_old_IBUF_BUFG_inst/O
                         net (fo=11, routed)          1.625     5.228    div26/clk
    SLICE_X52Y95         FDRE                                         r  div26/cnt_reg[1]/C
  -------------------------------------------------------------------    -------------------
    SLICE_X52Y95         FDRE (Prop_fdre_C_Q)         0.456     5.684 r  div26/cnt_reg[1]/Q
                         net (fo=1, routed)           0.773     6.457    div26/cnt_reg_n_0_[1]
    SLICE_X52Y95         CARRY4 (Prop_carry4_S[1]_CO[3])
                                                      0.674     7.131 r  div26/cnt_reg[0]_i_1/CO[3]
                         net (fo=1, routed)           0.000     7.131    div26/cnt_reg[0]_i_1_n_0
    SLICE_X52Y96         CARRY4 (Prop_carry4_CI_O[2])
                                                      0.239     7.370 r  div26/cnt_reg[4]_i_1/O[2]
                         net (fo=1, routed)           0.000     7.370    div26/cnt_reg[4]_i_1_n_5
    SLICE_X52Y96         FDRE                                         r  div26/cnt_reg[6]/D
  -------------------------------------------------------------------    -------------------

                         (clock sys_clk_pin rise edge)
                                                     10.000    10.000 r  
    E3                                                0.000    10.000 r  clk_old (IN)
                         net (fo=0)                   0.000    10.000    clk_old
    E3                   IBUF (Prop_ibuf_I_O)         1.411    11.411 r  clk_old_IBUF_inst/O
                         net (fo=1, routed)           1.920    13.331    clk_old_IBUF
    BUFGCTRL_X0Y16       BUFG (Prop_bufg_I_O)         0.091    13.422 r  clk_old_IBUF_BUFG_inst/O
                         net (fo=11, routed)          1.504    14.927    div26/clk
    SLICE_X52Y96         FDRE                                         r  div26/cnt_reg[6]/C
                         clock pessimism              0.276    15.203    
                         clock uncertainty           -0.035    15.167    
    SLICE_X52Y96         FDRE (Setup_fdre_C_D)        0.062    15.229    div26/cnt_reg[6]
  -------------------------------------------------------------------
                         required time                         15.229    
                         arrival time                          -7.370    
  -------------------------------------------------------------------
                         slack                                  7.859    

Slack (MET) :             7.875ns  (required time - arrival time)
  Source:                 div26/cnt_reg[1]/C
                            (rising edge-triggered cell FDRE clocked by sys_clk_pin  {rise@0.000ns fall@5.000ns period=10.000ns})
  Destination:            div26/cnt_reg[4]/D
                            (rising edge-triggered cell FDRE clocked by sys_clk_pin  {rise@0.000ns fall@5.000ns period=10.000ns})
  Path Group:             sys_clk_pin
  Path Type:              Setup (Max at Slow Process Corner)
  Requirement:            10.000ns  (sys_clk_pin rise@10.000ns - sys_clk_pin rise@0.000ns)
  Data Path Delay:        2.126ns  (logic 1.353ns (63.627%)  route 0.773ns (36.373%))
  Logic Levels:           2  (CARRY4=2)
  Clock Path Skew:        -0.025ns (DCD - SCD + CPR)
    Destination Clock Delay (DCD):    4.927ns = ( 14.927 - 10.000 ) 
    Source Clock Delay      (SCD):    5.228ns
    Clock Pessimism Removal (CPR):    0.276ns
  Clock Uncertainty:      0.035ns  ((TSJ^2 + TIJ^2)^1/2 + DJ) / 2 + PE
    Total System Jitter     (TSJ):    0.071ns
    Total Input Jitter      (TIJ):    0.000ns
    Discrete Jitter          (DJ):    0.000ns
    Phase Error              (PE):    0.000ns

    Location             Delay type                Incr(ns)  Path(ns)    Netlist Resource(s)
  -------------------------------------------------------------------    -------------------
                         (clock sys_clk_pin rise edge)
                                                      0.000     0.000 r  
    E3                                                0.000     0.000 r  clk_old (IN)
                         net (fo=0)                   0.000     0.000    clk_old
    E3                   IBUF (Prop_ibuf_I_O)         1.482     1.482 r  clk_old_IBUF_inst/O
                         net (fo=1, routed)           2.025     3.506    clk_old_IBUF
    BUFGCTRL_X0Y16       BUFG (Prop_bufg_I_O)         0.096     3.602 r  clk_old_IBUF_BUFG_inst/O
                         net (fo=11, routed)          1.625     5.228    div26/clk
    SLICE_X52Y95         FDRE                                         r  div26/cnt_reg[1]/C
  -------------------------------------------------------------------    -------------------
    SLICE_X52Y95         FDRE (Prop_fdre_C_Q)         0.456     5.684 r  div26/cnt_reg[1]/Q
                         net (fo=1, routed)           0.773     6.457    div26/cnt_reg_n_0_[1]
    SLICE_X52Y95         CARRY4 (Prop_carry4_S[1]_CO[3])
                                                      0.674     7.131 r  div26/cnt_reg[0]_i_1/CO[3]
                         net (fo=1, routed)           0.000     7.131    div26/cnt_reg[0]_i_1_n_0
    SLICE_X52Y96         CARRY4 (Prop_carry4_CI_O[0])
                                                      0.223     7.354 r  div26/cnt_reg[4]_i_1/O[0]
                         net (fo=1, routed)           0.000     7.354    div26/cnt_reg[4]_i_1_n_7
    SLICE_X52Y96         FDRE                                         r  div26/cnt_reg[4]/D
  -------------------------------------------------------------------    -------------------

                         (clock sys_clk_pin rise edge)
                                                     10.000    10.000 r  
    E3                                                0.000    10.000 r  clk_old (IN)
                         net (fo=0)                   0.000    10.000    clk_old
    E3                   IBUF (Prop_ibuf_I_O)         1.411    11.411 r  clk_old_IBUF_inst/O
                         net (fo=1, routed)           1.920    13.331    clk_old_IBUF
    BUFGCTRL_X0Y16       BUFG (Prop_bufg_I_O)         0.091    13.422 r  clk_old_IBUF_BUFG_inst/O
                         net (fo=11, routed)          1.504    14.927    div26/clk
    SLICE_X52Y96         FDRE                                         r  div26/cnt_reg[4]/C
                         clock pessimism              0.276    15.203    
                         clock uncertainty           -0.035    15.167    
    SLICE_X52Y96         FDRE (Setup_fdre_C_D)        0.062    15.229    div26/cnt_reg[4]
  -------------------------------------------------------------------
                         required time                         15.229    
                         arrival time                          -7.354    
  -------------------------------------------------------------------
                         slack                                  7.875    

Slack (MET) :             8.033ns  (required time - arrival time)
  Source:                 div26/cnt_reg[1]/C
                            (rising edge-triggered cell FDRE clocked by sys_clk_pin  {rise@0.000ns fall@5.000ns period=10.000ns})
  Destination:            div26/cnt_reg[3]/D
                            (rising edge-triggered cell FDRE clocked by sys_clk_pin  {rise@0.000ns fall@5.000ns period=10.000ns})
  Path Group:             sys_clk_pin
  Path Type:              Setup (Max at Slow Process Corner)
  Requirement:            10.000ns  (sys_clk_pin rise@10.000ns - sys_clk_pin rise@0.000ns)
  Data Path Delay:        1.993ns  (logic 1.220ns (61.200%)  route 0.773ns (38.800%))
  Logic Levels:           1  (CARRY4=1)
  Clock Path Skew:        0.000ns (DCD - SCD + CPR)
    Destination Clock Delay (DCD):    4.927ns = ( 14.927 - 10.000 ) 
    Source Clock Delay      (SCD):    5.228ns
    Clock Pessimism Removal (CPR):    0.301ns
  Clock Uncertainty:      0.035ns  ((TSJ^2 + TIJ^2)^1/2 + DJ) / 2 + PE
    Total System Jitter     (TSJ):    0.071ns
    Total Input Jitter      (TIJ):    0.000ns
    Discrete Jitter          (DJ):    0.000ns
    Phase Error              (PE):    0.000ns

    Location             Delay type                Incr(ns)  Path(ns)    Netlist Resource(s)
  -------------------------------------------------------------------    -------------------
                         (clock sys_clk_pin rise edge)
                                                      0.000     0.000 r  
    E3                                                0.000     0.000 r  clk_old (IN)
                         net (fo=0)                   0.000     0.000    clk_old
    E3                   IBUF (Prop_ibuf_I_O)         1.482     1.482 r  clk_old_IBUF_inst/O
                         net (fo=1, routed)           2.025     3.506    clk_old_IBUF
    BUFGCTRL_X0Y16       BUFG (Prop_bufg_I_O)         0.096     3.602 r  clk_old_IBUF_BUFG_inst/O
                         net (fo=11, routed)          1.625     5.228    div26/clk
    SLICE_X52Y95         FDRE                                         r  div26/cnt_reg[1]/C
  -------------------------------------------------------------------    -------------------
    SLICE_X52Y95         FDRE (Prop_fdre_C_Q)         0.456     5.684 r  div26/cnt_reg[1]/Q
                         net (fo=1, routed)           0.773     6.457    div26/cnt_reg_n_0_[1]
    SLICE_X52Y95         CARRY4 (Prop_carry4_S[1]_O[3])
                                                      0.764     7.221 r  div26/cnt_reg[0]_i_1/O[3]
                         net (fo=1, routed)           0.000     7.221    div26/cnt_reg[0]_i_1_n_4
    SLICE_X52Y95         FDRE                                         r  div26/cnt_reg[3]/D
  -------------------------------------------------------------------    -------------------

                         (clock sys_clk_pin rise edge)
                                                     10.000    10.000 r  
    E3                                                0.000    10.000 r  clk_old (IN)
                         net (fo=0)                   0.000    10.000    clk_old
    E3                   IBUF (Prop_ibuf_I_O)         1.411    11.411 r  clk_old_IBUF_inst/O
                         net (fo=1, routed)           1.920    13.331    clk_old_IBUF
    BUFGCTRL_X0Y16       BUFG (Prop_bufg_I_O)         0.091    13.422 r  clk_old_IBUF_BUFG_inst/O
                         net (fo=11, routed)          1.504    14.927    div26/clk
    SLICE_X52Y95         FDRE                                         r  div26/cnt_reg[3]/C
                         clock pessimism              0.301    15.228    
                         clock uncertainty           -0.035    15.192    
    SLICE_X52Y95         FDRE (Setup_fdre_C_D)        0.062    15.254    div26/cnt_reg[3]
  -------------------------------------------------------------------
                         required time                         15.254    
                         arrival time                          -7.221    
  -------------------------------------------------------------------
                         slack                                  8.033    

Slack (MET) :             8.093ns  (required time - arrival time)
  Source:                 div26/cnt_reg[1]/C
                            (rising edge-triggered cell FDRE clocked by sys_clk_pin  {rise@0.000ns fall@5.000ns period=10.000ns})
  Destination:            div26/cnt_reg[2]/D
                            (rising edge-triggered cell FDRE clocked by sys_clk_pin  {rise@0.000ns fall@5.000ns period=10.000ns})
  Path Group:             sys_clk_pin
  Path Type:              Setup (Max at Slow Process Corner)
  Requirement:            10.000ns  (sys_clk_pin rise@10.000ns - sys_clk_pin rise@0.000ns)
  Data Path Delay:        1.933ns  (logic 1.160ns (59.996%)  route 0.773ns (40.004%))
  Logic Levels:           1  (CARRY4=1)
  Clock Path Skew:        0.000ns (DCD - SCD + CPR)
    Destination Clock Delay (DCD):    4.927ns = ( 14.927 - 10.000 ) 
    Source Clock Delay      (SCD):    5.228ns
    Clock Pessimism Removal (CPR):    0.301ns
  Clock Uncertainty:      0.035ns  ((TSJ^2 + TIJ^2)^1/2 + DJ) / 2 + PE
    Total System Jitter     (TSJ):    0.071ns
    Total Input Jitter      (TIJ):    0.000ns
    Discrete Jitter          (DJ):    0.000ns
    Phase Error              (PE):    0.000ns

    Location             Delay type                Incr(ns)  Path(ns)    Netlist Resource(s)
  -------------------------------------------------------------------    -------------------
                         (clock sys_clk_pin rise edge)
                                                      0.000     0.000 r  
    E3                                                0.000     0.000 r  clk_old (IN)
                         net (fo=0)                   0.000     0.000    clk_old
    E3                   IBUF (Prop_ibuf_I_O)         1.482     1.482 r  clk_old_IBUF_inst/O
                         net (fo=1, routed)           2.025     3.506    clk_old_IBUF
    BUFGCTRL_X0Y16       BUFG (Prop_bufg_I_O)         0.096     3.602 r  clk_old_IBUF_BUFG_inst/O
                         net (fo=11, routed)          1.625     5.228    div26/clk
    SLICE_X52Y95         FDRE                                         r  div26/cnt_reg[1]/C
  -------------------------------------------------------------------    -------------------
    SLICE_X52Y95         FDRE (Prop_fdre_C_Q)         0.456     5.684 r  div26/cnt_reg[1]/Q
                         net (fo=1, routed)           0.773     6.457    div26/cnt_reg_n_0_[1]
    SLICE_X52Y95         CARRY4 (Prop_carry4_S[1]_O[2])
                                                      0.704     7.161 r  div26/cnt_reg[0]_i_1/O[2]
                         net (fo=1, routed)           0.000     7.161    div26/cnt_reg[0]_i_1_n_5
    SLICE_X52Y95         FDRE                                         r  div26/cnt_reg[2]/D
  -------------------------------------------------------------------    -------------------

                         (clock sys_clk_pin rise edge)
                                                     10.000    10.000 r  
    E3                                                0.000    10.000 r  clk_old (IN)
                         net (fo=0)                   0.000    10.000    clk_old
    E3                   IBUF (Prop_ibuf_I_O)         1.411    11.411 r  clk_old_IBUF_inst/O
                         net (fo=1, routed)           1.920    13.331    clk_old_IBUF
    BUFGCTRL_X0Y16       BUFG (Prop_bufg_I_O)         0.091    13.422 r  clk_old_IBUF_BUFG_inst/O
                         net (fo=11, routed)          1.504    14.927    div26/clk
    SLICE_X52Y95         FDRE                                         r  div26/cnt_reg[2]/C
                         clock pessimism              0.301    15.228    
                         clock uncertainty           -0.035    15.192    
    SLICE_X52Y95         FDRE (Setup_fdre_C_D)        0.062    15.254    div26/cnt_reg[2]
  -------------------------------------------------------------------
                         required time                         15.254    
                         arrival time                          -7.161    
  -------------------------------------------------------------------
                         slack                                  8.093    

Slack (MET) :             8.446ns  (required time - arrival time)
  Source:                 div26/cnt_reg[1]/C
                            (rising edge-triggered cell FDRE clocked by sys_clk_pin  {rise@0.000ns fall@5.000ns period=10.000ns})
  Destination:            div26/cnt_reg[1]/D
                            (rising edge-triggered cell FDRE clocked by sys_clk_pin  {rise@0.000ns fall@5.000ns period=10.000ns})
  Path Group:             sys_clk_pin
  Path Type:              Setup (Max at Slow Process Corner)
  Requirement:            10.000ns  (sys_clk_pin rise@10.000ns - sys_clk_pin rise@0.000ns)
  Data Path Delay:        1.580ns  (logic 0.807ns (51.061%)  route 0.773ns (48.939%))
  Logic Levels:           1  (CARRY4=1)
  Clock Path Skew:        0.000ns (DCD - SCD + CPR)
    Destination Clock Delay (DCD):    4.927ns = ( 14.927 - 10.000 ) 
    Source Clock Delay      (SCD):    5.228ns
    Clock Pessimism Removal (CPR):    0.301ns
  Clock Uncertainty:      0.035ns  ((TSJ^2 + TIJ^2)^1/2 + DJ) / 2 + PE
    Total System Jitter     (TSJ):    0.071ns
    Total Input Jitter      (TIJ):    0.000ns
    Discrete Jitter          (DJ):    0.000ns
    Phase Error              (PE):    0.000ns

    Location             Delay type                Incr(ns)  Path(ns)    Netlist Resource(s)
  -------------------------------------------------------------------    -------------------
                         (clock sys_clk_pin rise edge)
                                                      0.000     0.000 r  
    E3                                                0.000     0.000 r  clk_old (IN)
                         net (fo=0)                   0.000     0.000    clk_old
    E3                   IBUF (Prop_ibuf_I_O)         1.482     1.482 r  clk_old_IBUF_inst/O
                         net (fo=1, routed)           2.025     3.506    clk_old_IBUF
    BUFGCTRL_X0Y16       BUFG (Prop_bufg_I_O)         0.096     3.602 r  clk_old_IBUF_BUFG_inst/O
                         net (fo=11, routed)          1.625     5.228    div26/clk
    SLICE_X52Y95         FDRE                                         r  div26/cnt_reg[1]/C
  -------------------------------------------------------------------    -------------------
    SLICE_X52Y95         FDRE (Prop_fdre_C_Q)         0.456     5.684 r  div26/cnt_reg[1]/Q
                         net (fo=1, routed)           0.773     6.457    div26/cnt_reg_n_0_[1]
    SLICE_X52Y95         CARRY4 (Prop_carry4_S[1]_O[1])
                                                      0.351     6.808 r  div26/cnt_reg[0]_i_1/O[1]
                         net (fo=1, routed)           0.000     6.808    div26/cnt_reg[0]_i_1_n_6
    SLICE_X52Y95         FDRE                                         r  div26/cnt_reg[1]/D
  -------------------------------------------------------------------    -------------------

                         (clock sys_clk_pin rise edge)
                                                     10.000    10.000 r  
    E3                                                0.000    10.000 r  clk_old (IN)
                         net (fo=0)                   0.000    10.000    clk_old
    E3                   IBUF (Prop_ibuf_I_O)         1.411    11.411 r  clk_old_IBUF_inst/O
                         net (fo=1, routed)           1.920    13.331    clk_old_IBUF
    BUFGCTRL_X0Y16       BUFG (Prop_bufg_I_O)         0.091    13.422 r  clk_old_IBUF_BUFG_inst/O
                         net (fo=11, routed)          1.504    14.927    div26/clk
    SLICE_X52Y95         FDRE                                         r  div26/cnt_reg[1]/C
                         clock pessimism              0.301    15.228    
                         clock uncertainty           -0.035    15.192    
    SLICE_X52Y95         FDRE (Setup_fdre_C_D)        0.062    15.254    div26/cnt_reg[1]
  -------------------------------------------------------------------
                         required time                         15.254    
                         arrival time                          -6.808    
  -------------------------------------------------------------------
                         slack                                  8.446    





Min Delay Paths
--------------------------------------------------------------------------------------
Slack (MET) :             0.324ns  (arrival time - required time)
  Source:                 div26/cnt_reg[0]/C
                            (rising edge-triggered cell FDRE clocked by sys_clk_pin  {rise@0.000ns fall@5.000ns period=10.000ns})
  Destination:            div26/cnt_reg[0]/D
                            (rising edge-triggered cell FDRE clocked by sys_clk_pin  {rise@0.000ns fall@5.000ns period=10.000ns})
  Path Group:             sys_clk_pin
  Path Type:              Hold (Min at Fast Process Corner)
  Requirement:            0.000ns  (sys_clk_pin rise@0.000ns - sys_clk_pin rise@0.000ns)
  Data Path Delay:        0.429ns  (logic 0.256ns (59.730%)  route 0.173ns (40.270%))
  Logic Levels:           2  (CARRY4=1 LUT1=1)
  Clock Path Skew:        0.000ns (DCD - SCD - CPR)
    Destination Clock Delay (DCD):    1.999ns
    Source Clock Delay      (SCD):    1.483ns
    Clock Pessimism Removal (CPR):    0.515ns

    Location             Delay type                Incr(ns)  Path(ns)    Netlist Resource(s)
  -------------------------------------------------------------------    -------------------
                         (clock sys_clk_pin rise edge)
                                                      0.000     0.000 r  
    E3                                                0.000     0.000 r  clk_old (IN)
                         net (fo=0)                   0.000     0.000    clk_old
    E3                   IBUF (Prop_ibuf_I_O)         0.250     0.250 r  clk_old_IBUF_inst/O
                         net (fo=1, routed)           0.644     0.894    clk_old_IBUF
    BUFGCTRL_X0Y16       BUFG (Prop_bufg_I_O)         0.026     0.920 r  clk_old_IBUF_BUFG_inst/O
                         net (fo=11, routed)          0.564     1.483    div26/clk
    SLICE_X52Y95         FDRE                                         r  div26/cnt_reg[0]/C
  -------------------------------------------------------------------    -------------------
    SLICE_X52Y95         FDRE (Prop_fdre_C_Q)         0.141     1.624 f  div26/cnt_reg[0]/Q
                         net (fo=1, routed)           0.173     1.797    div26/cnt_reg_n_0_[0]
    SLICE_X52Y95         LUT1 (Prop_lut1_I0_O)        0.045     1.842 r  div26/cnt[0]_i_2/O
                         net (fo=1, routed)           0.000     1.842    div26/cnt[0]_i_2_n_0
    SLICE_X52Y95         CARRY4 (Prop_carry4_S[0]_O[0])
                                                      0.070     1.912 r  div26/cnt_reg[0]_i_1/O[0]
                         net (fo=1, routed)           0.000     1.912    div26/cnt_reg[0]_i_1_n_7
    SLICE_X52Y95         FDRE                                         r  div26/cnt_reg[0]/D
  -------------------------------------------------------------------    -------------------

                         (clock sys_clk_pin rise edge)
                                                      0.000     0.000 r  
    E3                                                0.000     0.000 r  clk_old (IN)
                         net (fo=0)                   0.000     0.000    clk_old
    E3                   IBUF (Prop_ibuf_I_O)         0.438     0.438 r  clk_old_IBUF_inst/O
                         net (fo=1, routed)           0.699     1.136    clk_old_IBUF
    BUFGCTRL_X0Y16       BUFG (Prop_bufg_I_O)         0.029     1.165 r  clk_old_IBUF_BUFG_inst/O
                         net (fo=11, routed)          0.834     1.999    div26/clk
    SLICE_X52Y95         FDRE                                         r  div26/cnt_reg[0]/C
                         clock pessimism             -0.515     1.483    
    SLICE_X52Y95         FDRE (Hold_fdre_C_D)         0.105     1.588    div26/cnt_reg[0]
  -------------------------------------------------------------------
                         required time                         -1.588    
                         arrival time                           1.912    
  -------------------------------------------------------------------
                         slack                                  0.324    

Slack (MET) :             0.327ns  (arrival time - required time)
  Source:                 div26/cnt_reg[3]/C
                            (rising edge-triggered cell FDRE clocked by sys_clk_pin  {rise@0.000ns fall@5.000ns period=10.000ns})
  Destination:            div26/cnt_reg[3]/D
                            (rising edge-triggered cell FDRE clocked by sys_clk_pin  {rise@0.000ns fall@5.000ns period=10.000ns})
  Path Group:             sys_clk_pin
  Path Type:              Hold (Min at Fast Process Corner)
  Requirement:            0.000ns  (sys_clk_pin rise@0.000ns - sys_clk_pin rise@0.000ns)
  Data Path Delay:        0.432ns  (logic 0.249ns (57.658%)  route 0.183ns (42.342%))
  Logic Levels:           1  (CARRY4=1)
  Clock Path Skew:        0.000ns (DCD - SCD - CPR)
    Destination Clock Delay (DCD):    1.999ns
    Source Clock Delay      (SCD):    1.483ns
    Clock Pessimism Removal (CPR):    0.515ns

    Location             Delay type                Incr(ns)  Path(ns)    Netlist Resource(s)
  -------------------------------------------------------------------    -------------------
                         (clock sys_clk_pin rise edge)
                                                      0.000     0.000 r  
    E3                                                0.000     0.000 r  clk_old (IN)
                         net (fo=0)                   0.000     0.000    clk_old
    E3                   IBUF (Prop_ibuf_I_O)         0.250     0.250 r  clk_old_IBUF_inst/O
                         net (fo=1, routed)           0.644     0.894    clk_old_IBUF
    BUFGCTRL_X0Y16       BUFG (Prop_bufg_I_O)         0.026     0.920 r  clk_old_IBUF_BUFG_inst/O
                         net (fo=11, routed)          0.564     1.483    div26/clk
    SLICE_X52Y95         FDRE                                         r  div26/cnt_reg[3]/C
  -------------------------------------------------------------------    -------------------
    SLICE_X52Y95         FDRE (Prop_fdre_C_Q)         0.141     1.624 r  div26/cnt_reg[3]/Q
                         net (fo=1, routed)           0.183     1.807    div26/cnt_reg_n_0_[3]
    SLICE_X52Y95         CARRY4 (Prop_carry4_S[3]_O[3])
                                                      0.108     1.915 r  div26/cnt_reg[0]_i_1/O[3]
                         net (fo=1, routed)           0.000     1.915    div26/cnt_reg[0]_i_1_n_4
    SLICE_X52Y95         FDRE                                         r  div26/cnt_reg[3]/D
  -------------------------------------------------------------------    -------------------

                         (clock sys_clk_pin rise edge)
                                                      0.000     0.000 r  
    E3                                                0.000     0.000 r  clk_old (IN)
                         net (fo=0)                   0.000     0.000    clk_old
    E3                   IBUF (Prop_ibuf_I_O)         0.438     0.438 r  clk_old_IBUF_inst/O
                         net (fo=1, routed)           0.699     1.136    clk_old_IBUF
    BUFGCTRL_X0Y16       BUFG (Prop_bufg_I_O)         0.029     1.165 r  clk_old_IBUF_BUFG_inst/O
                         net (fo=11, routed)          0.834     1.999    div26/clk
    SLICE_X52Y95         FDRE                                         r  div26/cnt_reg[3]/C
                         clock pessimism             -0.515     1.483    
    SLICE_X52Y95         FDRE (Hold_fdre_C_D)         0.105     1.588    div26/cnt_reg[3]
  -------------------------------------------------------------------
                         required time                         -1.588    
                         arrival time                           1.915    
  -------------------------------------------------------------------
                         slack                                  0.327    

Slack (MET) :             0.327ns  (arrival time - required time)
  Source:                 div26/cnt_reg[4]/C
                            (rising edge-triggered cell FDRE clocked by sys_clk_pin  {rise@0.000ns fall@5.000ns period=10.000ns})
  Destination:            div26/cnt_reg[4]/D
                            (rising edge-triggered cell FDRE clocked by sys_clk_pin  {rise@0.000ns fall@5.000ns period=10.000ns})
  Path Group:             sys_clk_pin
  Path Type:              Hold (Min at Fast Process Corner)
  Requirement:            0.000ns  (sys_clk_pin rise@0.000ns - sys_clk_pin rise@0.000ns)
  Data Path Delay:        0.432ns  (logic 0.256ns (59.199%)  route 0.176ns (40.801%))
  Logic Levels:           1  (CARRY4=1)
  Clock Path Skew:        0.000ns (DCD - SCD - CPR)
    Destination Clock Delay (DCD):    1.999ns
    Source Clock Delay      (SCD):    1.483ns
    Clock Pessimism Removal (CPR):    0.515ns

    Location             Delay type                Incr(ns)  Path(ns)    Netlist Resource(s)
  -------------------------------------------------------------------    -------------------
                         (clock sys_clk_pin rise edge)
                                                      0.000     0.000 r  
    E3                                                0.000     0.000 r  clk_old (IN)
                         net (fo=0)                   0.000     0.000    clk_old
    E3                   IBUF (Prop_ibuf_I_O)         0.250     0.250 r  clk_old_IBUF_inst/O
                         net (fo=1, routed)           0.644     0.894    clk_old_IBUF
    BUFGCTRL_X0Y16       BUFG (Prop_bufg_I_O)         0.026     0.920 r  clk_old_IBUF_BUFG_inst/O
                         net (fo=11, routed)          0.564     1.483    div26/clk
    SLICE_X52Y96         FDRE                                         r  div26/cnt_reg[4]/C
  -------------------------------------------------------------------    -------------------
    SLICE_X52Y96         FDRE (Prop_fdre_C_Q)         0.141     1.624 r  div26/cnt_reg[4]/Q
                         net (fo=1, routed)           0.176     1.801    div26/cnt_reg_n_0_[4]
    SLICE_X52Y96         CARRY4 (Prop_carry4_S[0]_O[0])
                                                      0.115     1.916 r  div26/cnt_reg[4]_i_1/O[0]
                         net (fo=1, routed)           0.000     1.916    div26/cnt_reg[4]_i_1_n_7
    SLICE_X52Y96         FDRE                                         r  div26/cnt_reg[4]/D
  -------------------------------------------------------------------    -------------------

                         (clock sys_clk_pin rise edge)
                                                      0.000     0.000 r  
    E3                                                0.000     0.000 r  clk_old (IN)
                         net (fo=0)                   0.000     0.000    clk_old
    E3                   IBUF (Prop_ibuf_I_O)         0.438     0.438 r  clk_old_IBUF_inst/O
                         net (fo=1, routed)           0.699     1.136    clk_old_IBUF
    BUFGCTRL_X0Y16       BUFG (Prop_bufg_I_O)         0.029     1.165 r  clk_old_IBUF_BUFG_inst/O
                         net (fo=11, routed)          0.834     1.999    div26/clk
    SLICE_X52Y96         FDRE                                         r  div26/cnt_reg[4]/C
                         clock pessimism             -0.515     1.483    
    SLICE_X52Y96         FDRE (Hold_fdre_C_D)         0.105     1.588    div26/cnt_reg[4]
  -------------------------------------------------------------------
                         required time                         -1.588    
                         arrival time                           1.916    
  -------------------------------------------------------------------
                         slack                                  0.327    

Slack (MET) :             0.327ns  (arrival time - required time)
  Source:                 div26/cnt_reg[8]/C
                            (rising edge-triggered cell FDRE clocked by sys_clk_pin  {rise@0.000ns fall@5.000ns period=10.000ns})
  Destination:            div26/cnt_reg[8]/D
                            (rising edge-triggered cell FDRE clocked by sys_clk_pin  {rise@0.000ns fall@5.000ns period=10.000ns})
  Path Group:             sys_clk_pin
  Path Type:              Hold (Min at Fast Process Corner)
  Requirement:            0.000ns  (sys_clk_pin rise@0.000ns - sys_clk_pin rise@0.000ns)
  Data Path Delay:        0.432ns  (logic 0.256ns (59.199%)  route 0.176ns (40.801%))
  Logic Levels:           1  (CARRY4=1)
  Clock Path Skew:        0.000ns (DCD - SCD - CPR)
    Destination Clock Delay (DCD):    2.000ns
    Source Clock Delay      (SCD):    1.484ns
    Clock Pessimism Removal (CPR):    0.515ns

    Location             Delay type                Incr(ns)  Path(ns)    Netlist Resource(s)
  -------------------------------------------------------------------    -------------------
                         (clock sys_clk_pin rise edge)
                                                      0.000     0.000 r  
    E3                                                0.000     0.000 r  clk_old (IN)
                         net (fo=0)                   0.000     0.000    clk_old
    E3                   IBUF (Prop_ibuf_I_O)         0.250     0.250 r  clk_old_IBUF_inst/O
                         net (fo=1, routed)           0.644     0.894    clk_old_IBUF
    BUFGCTRL_X0Y16       BUFG (Prop_bufg_I_O)         0.026     0.920 r  clk_old_IBUF_BUFG_inst/O
                         net (fo=11, routed)          0.565     1.484    div26/clk
    SLICE_X52Y97         FDRE                                         r  div26/cnt_reg[8]/C
  -------------------------------------------------------------------    -------------------
    SLICE_X52Y97         FDRE (Prop_fdre_C_Q)         0.141     1.625 r  div26/cnt_reg[8]/Q
                         net (fo=1, routed)           0.176     1.802    div26/cnt_reg_n_0_[8]
    SLICE_X52Y97         CARRY4 (Prop_carry4_S[0]_O[0])
                                                      0.115     1.917 r  div26/cnt_reg[8]_i_1/O[0]
                         net (fo=1, routed)           0.000     1.917    div26/cnt_reg[8]_i_1_n_7
    SLICE_X52Y97         FDRE                                         r  div26/cnt_reg[8]/D
  -------------------------------------------------------------------    -------------------

                         (clock sys_clk_pin rise edge)
                                                      0.000     0.000 r  
    E3                                                0.000     0.000 r  clk_old (IN)
                         net (fo=0)                   0.000     0.000    clk_old
    E3                   IBUF (Prop_ibuf_I_O)         0.438     0.438 r  clk_old_IBUF_inst/O
                         net (fo=1, routed)           0.699     1.136    clk_old_IBUF
    BUFGCTRL_X0Y16       BUFG (Prop_bufg_I_O)         0.029     1.165 r  clk_old_IBUF_BUFG_inst/O
                         net (fo=11, routed)          0.835     2.000    div26/clk
    SLICE_X52Y97         FDRE                                         r  div26/cnt_reg[8]/C
                         clock pessimism             -0.515     1.484    
    SLICE_X52Y97         FDRE (Hold_fdre_C_D)         0.105     1.589    div26/cnt_reg[8]
  -------------------------------------------------------------------
                         required time                         -1.589    
                         arrival time                           1.917    
  -------------------------------------------------------------------
                         slack                                  0.327    

Slack (MET) :             0.360ns  (arrival time - required time)
  Source:                 div26/cnt_reg[0]/C
                            (rising edge-triggered cell FDRE clocked by sys_clk_pin  {rise@0.000ns fall@5.000ns period=10.000ns})
  Destination:            div26/cnt_reg[1]/D
                            (rising edge-triggered cell FDRE clocked by sys_clk_pin  {rise@0.000ns fall@5.000ns period=10.000ns})
  Path Group:             sys_clk_pin
  Path Type:              Hold (Min at Fast Process Corner)
  Requirement:            0.000ns  (sys_clk_pin rise@0.000ns - sys_clk_pin rise@0.000ns)
  Data Path Delay:        0.465ns  (logic 0.292ns (62.850%)  route 0.173ns (37.150%))
  Logic Levels:           2  (CARRY4=1 LUT1=1)
  Clock Path Skew:        0.000ns (DCD - SCD - CPR)
    Destination Clock Delay (DCD):    1.999ns
    Source Clock Delay      (SCD):    1.483ns
    Clock Pessimism Removal (CPR):    0.515ns

    Location             Delay type                Incr(ns)  Path(ns)    Netlist Resource(s)
  -------------------------------------------------------------------    -------------------
                         (clock sys_clk_pin rise edge)
                                                      0.000     0.000 r  
    E3                                                0.000     0.000 r  clk_old (IN)
                         net (fo=0)                   0.000     0.000    clk_old
    E3                   IBUF (Prop_ibuf_I_O)         0.250     0.250 r  clk_old_IBUF_inst/O
                         net (fo=1, routed)           0.644     0.894    clk_old_IBUF
    BUFGCTRL_X0Y16       BUFG (Prop_bufg_I_O)         0.026     0.920 r  clk_old_IBUF_BUFG_inst/O
                         net (fo=11, routed)          0.564     1.483    div26/clk
    SLICE_X52Y95         FDRE                                         r  div26/cnt_reg[0]/C
  -------------------------------------------------------------------    -------------------
    SLICE_X52Y95         FDRE (Prop_fdre_C_Q)         0.141     1.624 f  div26/cnt_reg[0]/Q
                         net (fo=1, routed)           0.173     1.797    div26/cnt_reg_n_0_[0]
    SLICE_X52Y95         LUT1 (Prop_lut1_I0_O)        0.045     1.842 r  div26/cnt[0]_i_2/O
                         net (fo=1, routed)           0.000     1.842    div26/cnt[0]_i_2_n_0
    SLICE_X52Y95         CARRY4 (Prop_carry4_S[0]_O[1])
                                                      0.106     1.948 r  div26/cnt_reg[0]_i_1/O[1]
                         net (fo=1, routed)           0.000     1.948    div26/cnt_reg[0]_i_1_n_6
    SLICE_X52Y95         FDRE                                         r  div26/cnt_reg[1]/D
  -------------------------------------------------------------------    -------------------

                         (clock sys_clk_pin rise edge)
                                                      0.000     0.000 r  
    E3                                                0.000     0.000 r  clk_old (IN)
                         net (fo=0)                   0.000     0.000    clk_old
    E3                   IBUF (Prop_ibuf_I_O)         0.438     0.438 r  clk_old_IBUF_inst/O
                         net (fo=1, routed)           0.699     1.136    clk_old_IBUF
    BUFGCTRL_X0Y16       BUFG (Prop_bufg_I_O)         0.029     1.165 r  clk_old_IBUF_BUFG_inst/O
                         net (fo=11, routed)          0.834     1.999    div26/clk
    SLICE_X52Y95         FDRE                                         r  div26/cnt_reg[1]/C
                         clock pessimism             -0.515     1.483    
    SLICE_X52Y95         FDRE (Hold_fdre_C_D)         0.105     1.588    div26/cnt_reg[1]
  -------------------------------------------------------------------
                         required time                         -1.588    
                         arrival time                           1.948    
  -------------------------------------------------------------------
                         slack                                  0.360    

Slack (MET) :             0.363ns  (arrival time - required time)
  Source:                 div26/cnt_reg[4]/C
                            (rising edge-triggered cell FDRE clocked by sys_clk_pin  {rise@0.000ns fall@5.000ns period=10.000ns})
  Destination:            div26/cnt_reg[5]/D
                            (rising edge-triggered cell FDRE clocked by sys_clk_pin  {rise@0.000ns fall@5.000ns period=10.000ns})
  Path Group:             sys_clk_pin
  Path Type:              Hold (Min at Fast Process Corner)
  Requirement:            0.000ns  (sys_clk_pin rise@0.000ns - sys_clk_pin rise@0.000ns)
  Data Path Delay:        0.468ns  (logic 0.292ns (62.334%)  route 0.176ns (37.666%))
  Logic Levels:           1  (CARRY4=1)
  Clock Path Skew:        0.000ns (DCD - SCD - CPR)
    Destination Clock Delay (DCD):    1.999ns
    Source Clock Delay      (SCD):    1.483ns
    Clock Pessimism Removal (CPR):    0.515ns

    Location             Delay type                Incr(ns)  Path(ns)    Netlist Resource(s)
  -------------------------------------------------------------------    -------------------
                         (clock sys_clk_pin rise edge)
                                                      0.000     0.000 r  
    E3                                                0.000     0.000 r  clk_old (IN)
                         net (fo=0)                   0.000     0.000    clk_old
    E3                   IBUF (Prop_ibuf_I_O)         0.250     0.250 r  clk_old_IBUF_inst/O
                         net (fo=1, routed)           0.644     0.894    clk_old_IBUF
    BUFGCTRL_X0Y16       BUFG (Prop_bufg_I_O)         0.026     0.920 r  clk_old_IBUF_BUFG_inst/O
                         net (fo=11, routed)          0.564     1.483    div26/clk
    SLICE_X52Y96         FDRE                                         r  div26/cnt_reg[4]/C
  -------------------------------------------------------------------    -------------------
    SLICE_X52Y96         FDRE (Prop_fdre_C_Q)         0.141     1.624 r  div26/cnt_reg[4]/Q
                         net (fo=1, routed)           0.176     1.801    div26/cnt_reg_n_0_[4]
    SLICE_X52Y96         CARRY4 (Prop_carry4_S[0]_O[1])
                                                      0.151     1.952 r  div26/cnt_reg[4]_i_1/O[1]
                         net (fo=1, routed)           0.000     1.952    div26/cnt_reg[4]_i_1_n_6
    SLICE_X52Y96         FDRE                                         r  div26/cnt_reg[5]/D
  -------------------------------------------------------------------    -------------------

                         (clock sys_clk_pin rise edge)
                                                      0.000     0.000 r  
    E3                                                0.000     0.000 r  clk_old (IN)
                         net (fo=0)                   0.000     0.000    clk_old
    E3                   IBUF (Prop_ibuf_I_O)         0.438     0.438 r  clk_old_IBUF_inst/O
                         net (fo=1, routed)           0.699     1.136    clk_old_IBUF
    BUFGCTRL_X0Y16       BUFG (Prop_bufg_I_O)         0.029     1.165 r  clk_old_IBUF_BUFG_inst/O
                         net (fo=11, routed)          0.834     1.999    div26/clk
    SLICE_X52Y96         FDRE                                         r  div26/cnt_reg[5]/C
                         clock pessimism             -0.515     1.483    
    SLICE_X52Y96         FDRE (Hold_fdre_C_D)         0.105     1.588    div26/cnt_reg[5]
  -------------------------------------------------------------------
                         required time                         -1.588    
                         arrival time                           1.952    
  -------------------------------------------------------------------
                         slack                                  0.363    

Slack (MET) :             0.363ns  (arrival time - required time)
  Source:                 div26/cnt_reg[8]/C
                            (rising edge-triggered cell FDRE clocked by sys_clk_pin  {rise@0.000ns fall@5.000ns period=10.000ns})
  Destination:            div26/cnt_reg[9]/D
                            (rising edge-triggered cell FDRE clocked by sys_clk_pin  {rise@0.000ns fall@5.000ns period=10.000ns})
  Path Group:             sys_clk_pin
  Path Type:              Hold (Min at Fast Process Corner)
  Requirement:            0.000ns  (sys_clk_pin rise@0.000ns - sys_clk_pin rise@0.000ns)
  Data Path Delay:        0.468ns  (logic 0.292ns (62.334%)  route 0.176ns (37.666%))
  Logic Levels:           1  (CARRY4=1)
  Clock Path Skew:        0.000ns (DCD - SCD - CPR)
    Destination Clock Delay (DCD):    2.000ns
    Source Clock Delay      (SCD):    1.484ns
    Clock Pessimism Removal (CPR):    0.515ns

    Location             Delay type                Incr(ns)  Path(ns)    Netlist Resource(s)
  -------------------------------------------------------------------    -------------------
                         (clock sys_clk_pin rise edge)
                                                      0.000     0.000 r  
    E3                                                0.000     0.000 r  clk_old (IN)
                         net (fo=0)                   0.000     0.000    clk_old
    E3                   IBUF (Prop_ibuf_I_O)         0.250     0.250 r  clk_old_IBUF_inst/O
                         net (fo=1, routed)           0.644     0.894    clk_old_IBUF
    BUFGCTRL_X0Y16       BUFG (Prop_bufg_I_O)         0.026     0.920 r  clk_old_IBUF_BUFG_inst/O
                         net (fo=11, routed)          0.565     1.484    div26/clk
    SLICE_X52Y97         FDRE                                         r  div26/cnt_reg[8]/C
  -------------------------------------------------------------------    -------------------
    SLICE_X52Y97         FDRE (Prop_fdre_C_Q)         0.141     1.625 r  div26/cnt_reg[8]/Q
                         net (fo=1, routed)           0.176     1.802    div26/cnt_reg_n_0_[8]
    SLICE_X52Y97         CARRY4 (Prop_carry4_S[0]_O[1])
                                                      0.151     1.953 r  div26/cnt_reg[8]_i_1/O[1]
                         net (fo=1, routed)           0.000     1.953    div26/cnt_reg[8]_i_1_n_6
    SLICE_X52Y97         FDRE                                         r  div26/cnt_reg[9]/D
  -------------------------------------------------------------------    -------------------

                         (clock sys_clk_pin rise edge)
                                                      0.000     0.000 r  
    E3                                                0.000     0.000 r  clk_old (IN)
                         net (fo=0)                   0.000     0.000    clk_old
    E3                   IBUF (Prop_ibuf_I_O)         0.438     0.438 r  clk_old_IBUF_inst/O
                         net (fo=1, routed)           0.699     1.136    clk_old_IBUF
    BUFGCTRL_X0Y16       BUFG (Prop_bufg_I_O)         0.029     1.165 r  clk_old_IBUF_BUFG_inst/O
                         net (fo=11, routed)          0.835     2.000    div26/clk
    SLICE_X52Y97         FDRE                                         r  div26/cnt_reg[9]/C
                         clock pessimism             -0.515     1.484    
    SLICE_X52Y97         FDRE (Hold_fdre_C_D)         0.105     1.589    div26/cnt_reg[9]
  -------------------------------------------------------------------
                         required time                         -1.589    
                         arrival time                           1.953    
  -------------------------------------------------------------------
                         slack                                  0.363    

Slack (MET) :             0.372ns  (arrival time - required time)
  Source:                 div26/cnt_reg[7]/C
                            (rising edge-triggered cell FDRE clocked by sys_clk_pin  {rise@0.000ns fall@5.000ns period=10.000ns})
  Destination:            div26/cnt_reg[7]/D
                            (rising edge-triggered cell FDRE clocked by sys_clk_pin  {rise@0.000ns fall@5.000ns period=10.000ns})
  Path Group:             sys_clk_pin
  Path Type:              Hold (Min at Fast Process Corner)
  Requirement:            0.000ns  (sys_clk_pin rise@0.000ns - sys_clk_pin rise@0.000ns)
  Data Path Delay:        0.477ns  (logic 0.249ns (52.216%)  route 0.228ns (47.784%))
  Logic Levels:           1  (CARRY4=1)
  Clock Path Skew:        0.000ns (DCD - SCD - CPR)
    Destination Clock Delay (DCD):    1.999ns
    Source Clock Delay      (SCD):    1.483ns
    Clock Pessimism Removal (CPR):    0.515ns

    Location             Delay type                Incr(ns)  Path(ns)    Netlist Resource(s)
  -------------------------------------------------------------------    -------------------
                         (clock sys_clk_pin rise edge)
                                                      0.000     0.000 r  
    E3                                                0.000     0.000 r  clk_old (IN)
                         net (fo=0)                   0.000     0.000    clk_old
    E3                   IBUF (Prop_ibuf_I_O)         0.250     0.250 r  clk_old_IBUF_inst/O
                         net (fo=1, routed)           0.644     0.894    clk_old_IBUF
    BUFGCTRL_X0Y16       BUFG (Prop_bufg_I_O)         0.026     0.920 r  clk_old_IBUF_BUFG_inst/O
                         net (fo=11, routed)          0.564     1.483    div26/clk
    SLICE_X52Y96         FDRE                                         r  div26/cnt_reg[7]/C
  -------------------------------------------------------------------    -------------------
    SLICE_X52Y96         FDRE (Prop_fdre_C_Q)         0.141     1.624 r  div26/cnt_reg[7]/Q
                         net (fo=1, routed)           0.228     1.852    div26/cnt_reg_n_0_[7]
    SLICE_X52Y96         CARRY4 (Prop_carry4_S[3]_O[3])
                                                      0.108     1.960 r  div26/cnt_reg[4]_i_1/O[3]
                         net (fo=1, routed)           0.000     1.960    div26/cnt_reg[4]_i_1_n_4
    SLICE_X52Y96         FDRE                                         r  div26/cnt_reg[7]/D
  -------------------------------------------------------------------    -------------------

                         (clock sys_clk_pin rise edge)
                                                      0.000     0.000 r  
    E3                                                0.000     0.000 r  clk_old (IN)
                         net (fo=0)                   0.000     0.000    clk_old
    E3                   IBUF (Prop_ibuf_I_O)         0.438     0.438 r  clk_old_IBUF_inst/O
                         net (fo=1, routed)           0.699     1.136    clk_old_IBUF
    BUFGCTRL_X0Y16       BUFG (Prop_bufg_I_O)         0.029     1.165 r  clk_old_IBUF_BUFG_inst/O
                         net (fo=11, routed)          0.834     1.999    div26/clk
    SLICE_X52Y96         FDRE                                         r  div26/cnt_reg[7]/C
                         clock pessimism             -0.515     1.483    
    SLICE_X52Y96         FDRE (Hold_fdre_C_D)         0.105     1.588    div26/cnt_reg[7]
  -------------------------------------------------------------------
                         required time                         -1.588    
                         arrival time                           1.960    
  -------------------------------------------------------------------
                         slack                                  0.372    

Slack (MET) :             0.400ns  (arrival time - required time)
  Source:                 div26/cnt_reg[0]/C
                            (rising edge-triggered cell FDRE clocked by sys_clk_pin  {rise@0.000ns fall@5.000ns period=10.000ns})
  Destination:            div26/cnt_reg[2]/D
                            (rising edge-triggered cell FDRE clocked by sys_clk_pin  {rise@0.000ns fall@5.000ns period=10.000ns})
  Path Group:             sys_clk_pin
  Path Type:              Hold (Min at Fast Process Corner)
  Requirement:            0.000ns  (sys_clk_pin rise@0.000ns - sys_clk_pin rise@0.000ns)
  Data Path Delay:        0.505ns  (logic 0.332ns (65.795%)  route 0.173ns (34.205%))
  Logic Levels:           2  (CARRY4=1 LUT1=1)
  Clock Path Skew:        0.000ns (DCD - SCD - CPR)
    Destination Clock Delay (DCD):    1.999ns
    Source Clock Delay      (SCD):    1.483ns
    Clock Pessimism Removal (CPR):    0.515ns

    Location             Delay type                Incr(ns)  Path(ns)    Netlist Resource(s)
  -------------------------------------------------------------------    -------------------
                         (clock sys_clk_pin rise edge)
                                                      0.000     0.000 r  
    E3                                                0.000     0.000 r  clk_old (IN)
                         net (fo=0)                   0.000     0.000    clk_old
    E3                   IBUF (Prop_ibuf_I_O)         0.250     0.250 r  clk_old_IBUF_inst/O
                         net (fo=1, routed)           0.644     0.894    clk_old_IBUF
    BUFGCTRL_X0Y16       BUFG (Prop_bufg_I_O)         0.026     0.920 r  clk_old_IBUF_BUFG_inst/O
                         net (fo=11, routed)          0.564     1.483    div26/clk
    SLICE_X52Y95         FDRE                                         r  div26/cnt_reg[0]/C
  -------------------------------------------------------------------    -------------------
    SLICE_X52Y95         FDRE (Prop_fdre_C_Q)         0.141     1.624 f  div26/cnt_reg[0]/Q
                         net (fo=1, routed)           0.173     1.797    div26/cnt_reg_n_0_[0]
    SLICE_X52Y95         LUT1 (Prop_lut1_I0_O)        0.045     1.842 r  div26/cnt[0]_i_2/O
                         net (fo=1, routed)           0.000     1.842    div26/cnt[0]_i_2_n_0
    SLICE_X52Y95         CARRY4 (Prop_carry4_S[0]_O[2])
                                                      0.146     1.988 r  div26/cnt_reg[0]_i_1/O[2]
                         net (fo=1, routed)           0.000     1.988    div26/cnt_reg[0]_i_1_n_5
    SLICE_X52Y95         FDRE                                         r  div26/cnt_reg[2]/D
  -------------------------------------------------------------------    -------------------

                         (clock sys_clk_pin rise edge)
                                                      0.000     0.000 r  
    E3                                                0.000     0.000 r  clk_old (IN)
                         net (fo=0)                   0.000     0.000    clk_old
    E3                   IBUF (Prop_ibuf_I_O)         0.438     0.438 r  clk_old_IBUF_inst/O
                         net (fo=1, routed)           0.699     1.136    clk_old_IBUF
    BUFGCTRL_X0Y16       BUFG (Prop_bufg_I_O)         0.029     1.165 r  clk_old_IBUF_BUFG_inst/O
                         net (fo=11, routed)          0.834     1.999    div26/clk
    SLICE_X52Y95         FDRE                                         r  div26/cnt_reg[2]/C
                         clock pessimism             -0.515     1.483    
    SLICE_X52Y95         FDRE (Hold_fdre_C_D)         0.105     1.588    div26/cnt_reg[2]
  -------------------------------------------------------------------
                         required time                         -1.588    
                         arrival time                           1.988    
  -------------------------------------------------------------------
                         slack                                  0.400    

Slack (MET) :             0.403ns  (arrival time - required time)
  Source:                 div26/cnt_reg[8]/C
                            (rising edge-triggered cell FDRE clocked by sys_clk_pin  {rise@0.000ns fall@5.000ns period=10.000ns})
  Destination:            div26/cnt_reg[10]/D
                            (rising edge-triggered cell FDRE clocked by sys_clk_pin  {rise@0.000ns fall@5.000ns period=10.000ns})
  Path Group:             sys_clk_pin
  Path Type:              Hold (Min at Fast Process Corner)
  Requirement:            0.000ns  (sys_clk_pin rise@0.000ns - sys_clk_pin rise@0.000ns)
  Data Path Delay:        0.508ns  (logic 0.332ns (65.297%)  route 0.176ns (34.703%))
  Logic Levels:           1  (CARRY4=1)
  Clock Path Skew:        0.000ns (DCD - SCD - CPR)
    Destination Clock Delay (DCD):    2.000ns
    Source Clock Delay      (SCD):    1.484ns
    Clock Pessimism Removal (CPR):    0.515ns

    Location             Delay type                Incr(ns)  Path(ns)    Netlist Resource(s)
  -------------------------------------------------------------------    -------------------
                         (clock sys_clk_pin rise edge)
                                                      0.000     0.000 r  
    E3                                                0.000     0.000 r  clk_old (IN)
                         net (fo=0)                   0.000     0.000    clk_old
    E3                   IBUF (Prop_ibuf_I_O)         0.250     0.250 r  clk_old_IBUF_inst/O
                         net (fo=1, routed)           0.644     0.894    clk_old_IBUF
    BUFGCTRL_X0Y16       BUFG (Prop_bufg_I_O)         0.026     0.920 r  clk_old_IBUF_BUFG_inst/O
                         net (fo=11, routed)          0.565     1.484    div26/clk
    SLICE_X52Y97         FDRE                                         r  div26/cnt_reg[8]/C
  -------------------------------------------------------------------    -------------------
    SLICE_X52Y97         FDRE (Prop_fdre_C_Q)         0.141     1.625 r  div26/cnt_reg[8]/Q
                         net (fo=1, routed)           0.176     1.802    div26/cnt_reg_n_0_[8]
    SLICE_X52Y97         CARRY4 (Prop_carry4_S[0]_O[2])
                                                      0.191     1.993 r  div26/cnt_reg[8]_i_1/O[2]
                         net (fo=1, routed)           0.000     1.993    div26/cnt_reg[8]_i_1_n_5
    SLICE_X52Y97         FDRE                                         r  div26/cnt_reg[10]/D
  -------------------------------------------------------------------    -------------------

                         (clock sys_clk_pin rise edge)
                                                      0.000     0.000 r  
    E3                                                0.000     0.000 r  clk_old (IN)
                         net (fo=0)                   0.000     0.000    clk_old
    E3                   IBUF (Prop_ibuf_I_O)         0.438     0.438 r  clk_old_IBUF_inst/O
                         net (fo=1, routed)           0.699     1.136    clk_old_IBUF
    BUFGCTRL_X0Y16       BUFG (Prop_bufg_I_O)         0.029     1.165 r  clk_old_IBUF_BUFG_inst/O
                         net (fo=11, routed)          0.835     2.000    div26/clk
    SLICE_X52Y97         FDRE                                         r  div26/cnt_reg[10]/C
                         clock pessimism             -0.515     1.484    
    SLICE_X52Y97         FDRE (Hold_fdre_C_D)         0.105     1.589    div26/cnt_reg[10]
  -------------------------------------------------------------------
                         required time                         -1.589    
                         arrival time                           1.993    
  -------------------------------------------------------------------
                         slack                                  0.403    





Pulse Width Checks
--------------------------------------------------------------------------------------
Clock Name:         sys_clk_pin
Waveform(ns):       { 0.000 5.000 }
Period(ns):         10.000
Sources:            { clk_old }

Check Type        Corner  Lib Pin  Reference Pin  Required(ns)  Actual(ns)  Slack(ns)  Location        Pin
Min Period        n/a     BUFG/I   n/a            2.155         10.000      7.845      BUFGCTRL_X0Y16  clk_old_IBUF_BUFG_inst/I
Min Period        n/a     FDRE/C   n/a            1.000         10.000      9.000      SLICE_X52Y95    div26/cnt_reg[0]/C
Min Period        n/a     FDRE/C   n/a            1.000         10.000      9.000      SLICE_X52Y97    div26/cnt_reg[10]/C
Min Period        n/a     FDRE/C   n/a            1.000         10.000      9.000      SLICE_X52Y95    div26/cnt_reg[1]/C
Min Period        n/a     FDRE/C   n/a            1.000         10.000      9.000      SLICE_X52Y95    div26/cnt_reg[2]/C
Min Period        n/a     FDRE/C   n/a            1.000         10.000      9.000      SLICE_X52Y95    div26/cnt_reg[3]/C
Min Period        n/a     FDRE/C   n/a            1.000         10.000      9.000      SLICE_X52Y96    div26/cnt_reg[4]/C
Min Period        n/a     FDRE/C   n/a            1.000         10.000      9.000      SLICE_X52Y96    div26/cnt_reg[5]/C
Min Period        n/a     FDRE/C   n/a            1.000         10.000      9.000      SLICE_X52Y96    div26/cnt_reg[6]/C
Min Period        n/a     FDRE/C   n/a            1.000         10.000      9.000      SLICE_X52Y96    div26/cnt_reg[7]/C
Low Pulse Width   Slow    FDRE/C   n/a            0.500         5.000       4.500      SLICE_X52Y95    div26/cnt_reg[0]/C
Low Pulse Width   Slow    FDRE/C   n/a            0.500         5.000       4.500      SLICE_X52Y95    div26/cnt_reg[1]/C
Low Pulse Width   Slow    FDRE/C   n/a            0.500         5.000       4.500      SLICE_X52Y95    div26/cnt_reg[2]/C
Low Pulse Width   Slow    FDRE/C   n/a            0.500         5.000       4.500      SLICE_X52Y95    div26/cnt_reg[3]/C
Low Pulse Width   Slow    FDRE/C   n/a            0.500         5.000       4.500      SLICE_X52Y96    div26/cnt_reg[4]/C
Low Pulse Width   Slow    FDRE/C   n/a            0.500         5.000       4.500      SLICE_X52Y96    div26/cnt_reg[5]/C
Low Pulse Width   Slow    FDRE/C   n/a            0.500         5.000       4.500      SLICE_X52Y96    div26/cnt_reg[6]/C
Low Pulse Width   Slow    FDRE/C   n/a            0.500         5.000       4.500      SLICE_X52Y96    div26/cnt_reg[7]/C
Low Pulse Width   Fast    FDRE/C   n/a            0.500         5.000       4.500      SLICE_X52Y95    div26/cnt_reg[0]/C
Low Pulse Width   Fast    FDRE/C   n/a            0.500         5.000       4.500      SLICE_X52Y97    div26/cnt_reg[10]/C
High Pulse Width  Slow    FDRE/C   n/a            0.500         5.000       4.500      SLICE_X52Y95    div26/cnt_reg[0]/C
High Pulse Width  Fast    FDRE/C   n/a            0.500         5.000       4.500      SLICE_X52Y95    div26/cnt_reg[0]/C
High Pulse Width  Fast    FDRE/C   n/a            0.500         5.000       4.500      SLICE_X52Y97    div26/cnt_reg[10]/C
High Pulse Width  Slow    FDRE/C   n/a            0.500         5.000       4.500      SLICE_X52Y95    div26/cnt_reg[1]/C
High Pulse Width  Fast    FDRE/C   n/a            0.500         5.000       4.500      SLICE_X52Y95    div26/cnt_reg[1]/C
High Pulse Width  Slow    FDRE/C   n/a            0.500         5.000       4.500      SLICE_X52Y95    div26/cnt_reg[2]/C
High Pulse Width  Fast    FDRE/C   n/a            0.500         5.000       4.500      SLICE_X52Y95    div26/cnt_reg[2]/C
High Pulse Width  Slow    FDRE/C   n/a            0.500         5.000       4.500      SLICE_X52Y95    div26/cnt_reg[3]/C
High Pulse Width  Fast    FDRE/C   n/a            0.500         5.000       4.500      SLICE_X52Y95    div26/cnt_reg[3]/C
High Pulse Width  Slow    FDRE/C   n/a            0.500         5.000       4.500      SLICE_X52Y96    div26/cnt_reg[4]/C



